<?xml version="1.0" encoding="UTF-8"?>
<testsuite name="EncodingTest" tests="1" skipped="0" failures="0" errors="0" timestamp="2019-01-25T12:50:37" hostname="njuguna-HP-Pavilion-Laptop-14-bf1xx" time="0.002">
  <properties/>
  <testcase name="encrypt_check_if_input_is_encrypted_String" classname="EncodingTest" time="0.002"/>
  <system-out><![CDATA[]]></system-out>
  <system-err><![CDATA[]]></system-err>
</testsuite>
